<?xml version="1.0" encoding="UTF-8"?>
<testng-results skipped="0" failed="0" total="1" passed="1">
  <reporter-output>
  </reporter-output>
  <suite name="jenkins.Test1" duration-ms="72311" started-at="2017-08-20T17:25:59Z" finished-at="2017-08-20T17:27:11Z">
    <groups>
    </groups>
    <test name="Command line test" duration-ms="72311" started-at="2017-08-20T17:25:59Z" finished-at="2017-08-20T17:27:11Z">
      <class name="jenkins.Test1">
        <test-method status="PASS" signature="beforeClass()[pri:0, instance:jenkins.Test1@edf4efb]" name="beforeClass" is-config="true" duration-ms="28885" started-at="2017-08-20T22:55:59Z" finished-at="2017-08-20T22:56:27Z">
          <reporter-output>
          </reporter-output>
        </test-method> <!-- beforeClass -->
        <test-method status="PASS" signature="f()[pri:0, instance:jenkins.Test1@edf4efb]" name="f" duration-ms="43343" started-at="2017-08-20T22:56:27Z" finished-at="2017-08-20T22:57:11Z">
          <reporter-output>
          </reporter-output>
        </test-method> <!-- f -->
        <test-method status="PASS" signature="afterClass()[pri:0, instance:jenkins.Test1@edf4efb]" name="afterClass" is-config="true" duration-ms="52" started-at="2017-08-20T22:57:11Z" finished-at="2017-08-20T22:57:11Z">
          <reporter-output>
          </reporter-output>
        </test-method> <!-- afterClass -->
      </class> <!-- jenkins.Test1 -->
    </test> <!-- Command line test -->
  </suite> <!-- jenkins.Test1 -->
</testng-results>
